<?xml version="1.0" encoding="UTF-8"?>
<!-- Generated by org.testng.reporters.JUnitReportReporter -->
<testsuite skipped="0" hostname="Tyss-pt-011" name="com.CM.TestScripts.Test_00" tests="1" failures="0" timestamp="06 Sep 2019 12:55:14 GMT" time="9.735" errors="0">
  <testcase name="login" time="9.735" classname="com.CM.TestScripts.Test_00"/>
</testsuite> <!-- com.CM.TestScripts.Test_00 -->
